<?xml version="1.0" encoding="UTF-8"?>
<!-- Generated by org.testng.reporters.JUnitReportReporter -->
<testsuite hostname="DESKTOP-2MN0VGI" failures="0" tests="1" name="Test1_UITesting.UiTesting_Link1" time="26.787" errors="0" timestamp="2024-03-11T18:55:16 IST" skipped="0">
  <testcase classname="Test1_UITesting.UiTesting_Link1" name="Resolution_1920_1080" time="26.787"/>
</testsuite> <!-- Test1_UITesting.UiTesting_Link1 -->
